0 info it worked if it ends with ok
1 verbose cli [ '/usr/bin/node',
1 verbose cli   '/usr/bin/npm',
1 verbose cli   'install',
1 verbose cli   'https://github.com/agrozyme/json-schema-to-mongoose.git' ]
2 info using npm@3.5.2
3 info using node@v8.10.0
4 silly loadCurrentTree Starting
5 silly install loadCurrentTree
6 silly install readLocalPackageData
7 silly fetchPackageMetaData https://github.com/agrozyme/json-schema-to-mongoose.git
8 silly fetchOtherPackageData https://github.com/agrozyme/json-schema-to-mongoose.git
9 silly cache add args [ 'https://github.com/agrozyme/json-schema-to-mongoose.git',
9 silly cache add   null ]
10 verbose cache add spec https://github.com/agrozyme/json-schema-to-mongoose.git
11 silly cache add parsed spec Result {
11 silly cache add   raw: 'https://github.com/agrozyme/json-schema-to-mongoose.git',
11 silly cache add   scope: null,
11 silly cache add   name: null,
11 silly cache add   rawSpec: 'https://github.com/agrozyme/json-schema-to-mongoose.git',
11 silly cache add   spec: 'git+https://github.com/agrozyme/json-schema-to-mongoose.git',
11 silly cache add   type: 'hosted',
11 silly cache add   hosted:
11 silly cache add    { type: 'github',
11 silly cache add      ssh: 'git@github.com:agrozyme/json-schema-to-mongoose.git',
11 silly cache add      sshUrl: 'git+ssh://git@github.com/agrozyme/json-schema-to-mongoose.git',
11 silly cache add      httpsUrl: 'git+https://github.com/agrozyme/json-schema-to-mongoose.git',
11 silly cache add      gitUrl: 'git://github.com/agrozyme/json-schema-to-mongoose.git',
11 silly cache add      shortcut: 'github:agrozyme/json-schema-to-mongoose',
11 silly cache add      directUrl: 'https://raw.githubusercontent.com/agrozyme/json-schema-to-mongoose/master/package.json' } }
12 verbose addRemoteGit caching https://github.com/agrozyme/json-schema-to-mongoose.git
13 verbose addRemoteGit git+https://github.com/agrozyme/json-schema-to-mongoose.git is a repository hosted by github
14 silly tryClone cloning git+https://github.com/agrozyme/json-schema-to-mongoose.git via git+https://github.com/agrozyme/json-schema-to-mongoose.git
15 verbose tryClone git-https-github-com-agrozyme-json-schema-to-mongoose-git-3c257605 not in flight; caching
16 info git [ 'config', '--get', 'remote.origin.url' ]
17 warn addRemoteGit Error: Command failed: git config --get remote.origin.url
17 warn addRemoteGit
17 warn addRemoteGit     at ChildProcess.exithandler (child_process.js:275:12)
17 warn addRemoteGit     at emitTwo (events.js:126:13)
17 warn addRemoteGit     at ChildProcess.emit (events.js:214:7)
17 warn addRemoteGit     at maybeClose (internal/child_process.js:925:16)
17 warn addRemoteGit     at Socket.stream.socket.on (internal/child_process.js:346:11)
17 warn addRemoteGit     at emitOne (events.js:116:13)
17 warn addRemoteGit     at Socket.emit (events.js:211:7)
17 warn addRemoteGit     at Pipe._handle.close [as _onclose] (net.js:567:12)
17 warn addRemoteGit  git+https://github.com/agrozyme/json-schema-to-mongoose.git resetting remote /home/ronaldo/.npm/_git-remotes/git-https-github-com-agrozyme-json-schema-to-mongoose-git-3c257605 because of error: { Error: Command failed: git config --get remote.origin.url
17 warn addRemoteGit
17 warn addRemoteGit     at ChildProcess.exithandler (child_process.js:275:12)
17 warn addRemoteGit     at emitTwo (events.js:126:13)
17 warn addRemoteGit     at ChildProcess.emit (events.js:214:7)
17 warn addRemoteGit     at maybeClose (internal/child_process.js:925:16)
17 warn addRemoteGit     at Socket.stream.socket.on (internal/child_process.js:346:11)
17 warn addRemoteGit     at emitOne (events.js:116:13)
17 warn addRemoteGit     at Socket.emit (events.js:211:7)
17 warn addRemoteGit     at Pipe._handle.close [as _onclose] (net.js:567:12)
17 warn addRemoteGit   killed: false,
17 warn addRemoteGit   code: 1,
17 warn addRemoteGit   signal: null,
17 warn addRemoteGit   cmd: 'git config --get remote.origin.url' }
18 info resetRemote resetting /home/ronaldo/.npm/_git-remotes/git-https-github-com-agrozyme-json-schema-to-mongoose-git-3c257605 for git+https://github.com/agrozyme/json-schema-to-mongoose.git
19 silly gentlyRm /home/ronaldo/.npm/_git-remotes/git-https-github-com-agrozyme-json-schema-to-mongoose-git-3c257605 is being purged
20 verbose gentlyRm don't care about contents; nuking /home/ronaldo/.npm/_git-remotes/git-https-github-com-agrozyme-json-schema-to-mongoose-git-3c257605
21 silly vacuum-fs purging /home/ronaldo/.npm/_git-remotes/git-https-github-com-agrozyme-json-schema-to-mongoose-git-3c257605
22 silly vacuum-fs quitting because other entries in /home/ronaldo/.npm/_git-remotes
23 info git [ 'clone',
23 info git   '--template=/home/ronaldo/.npm/_git-remotes/_templates',
23 info git   '--mirror',
23 info git   'https://github.com/agrozyme/json-schema-to-mongoose.git',
23 info git   '/home/ronaldo/.npm/_git-remotes/git-https-github-com-agrozyme-json-schema-to-mongoose-git-3c257605' ]
24 error git clone --template=/home/ronaldo/.npm/_git-remotes/_templates --mirror https://github.com/agrozyme/json-schema-to-mongoose.git /home/ronaldo/.npm/_git-remotes/git-https-github-com-agrozyme-json-schema-to-mongoose-git-3c257605: Cloning into bare repository '/home/ronaldo/.npm/_git-remotes/git-https-github-com-agrozyme-json-schema-to-mongoose-git-3c257605'...
24 error git clone --template=/home/ronaldo/.npm/_git-remotes/_templates --mirror https://github.com/agrozyme/json-schema-to-mongoose.git /home/ronaldo/.npm/_git-remotes/git-https-github-com-agrozyme-json-schema-to-mongoose-git-3c257605: remote: Invalid username or password.
24 error git clone --template=/home/ronaldo/.npm/_git-remotes/_templates --mirror https://github.com/agrozyme/json-schema-to-mongoose.git /home/ronaldo/.npm/_git-remotes/git-https-github-com-agrozyme-json-schema-to-mongoose-git-3c257605: fatal: Authentication failed for 'https://github.com/agrozyme/json-schema-to-mongoose.git/'
25 silly fetchPackageMetaData Error: Command failed: git clone --template=/home/ronaldo/.npm/_git-remotes/_templates --mirror https://github.com/agrozyme/json-schema-to-mongoose.git /home/ronaldo/.npm/_git-remotes/git-https-github-com-agrozyme-json-schema-to-mongoose-git-3c257605
25 silly fetchPackageMetaData Cloning into bare repository '/home/ronaldo/.npm/_git-remotes/git-https-github-com-agrozyme-json-schema-to-mongoose-git-3c257605'...
25 silly fetchPackageMetaData remote: Invalid username or password.
25 silly fetchPackageMetaData fatal: Authentication failed for 'https://github.com/agrozyme/json-schema-to-mongoose.git/'
25 silly fetchPackageMetaData
25 silly fetchPackageMetaData     at ChildProcess.exithandler (child_process.js:275:12)
25 silly fetchPackageMetaData     at emitTwo (events.js:126:13)
25 silly fetchPackageMetaData     at ChildProcess.emit (events.js:214:7)
25 silly fetchPackageMetaData     at maybeClose (internal/child_process.js:925:16)
25 silly fetchPackageMetaData     at Process.ChildProcess._handle.onexit (internal/child_process.js:209:5)
25 silly fetchPackageMetaData  error for https://github.com/agrozyme/json-schema-to-mongoose.git { Error: Command failed: git clone --template=/home/ronaldo/.npm/_git-remotes/_templates --mirror https://github.com/agrozyme/json-schema-to-mongoose.git /home/ronaldo/.npm/_git-remotes/git-https-github-com-agrozyme-json-schema-to-mongoose-git-3c257605
25 silly fetchPackageMetaData Cloning into bare repository '/home/ronaldo/.npm/_git-remotes/git-https-github-com-agrozyme-json-schema-to-mongoose-git-3c257605'...
25 silly fetchPackageMetaData remote: Invalid username or password.
25 silly fetchPackageMetaData fatal: Authentication failed for 'https://github.com/agrozyme/json-schema-to-mongoose.git/'
25 silly fetchPackageMetaData
25 silly fetchPackageMetaData     at ChildProcess.exithandler (child_process.js:275:12)
25 silly fetchPackageMetaData     at emitTwo (events.js:126:13)
25 silly fetchPackageMetaData     at ChildProcess.emit (events.js:214:7)
25 silly fetchPackageMetaData     at maybeClose (internal/child_process.js:925:16)
25 silly fetchPackageMetaData     at Process.ChildProcess._handle.onexit (internal/child_process.js:209:5)
25 silly fetchPackageMetaData   killed: false,
25 silly fetchPackageMetaData   code: 128,
25 silly fetchPackageMetaData   signal: null,
25 silly fetchPackageMetaData   cmd: 'git clone --template=/home/ronaldo/.npm/_git-remotes/_templates --mirror https://github.com/agrozyme/json-schema-to-mongoose.git /home/ronaldo/.npm/_git-remotes/git-https-github-com-agrozyme-json-schema-to-mongoose-git-3c257605' }
26 silly rollbackFailedOptional Starting
27 silly rollbackFailedOptional Finishing
28 silly runTopLevelLifecycles Starting
29 silly runTopLevelLifecycles Finishing
30 silly install printInstalled
31 verbose stack Error: Command failed: git clone --template=/home/ronaldo/.npm/_git-remotes/_templates --mirror https://github.com/agrozyme/json-schema-to-mongoose.git /home/ronaldo/.npm/_git-remotes/git-https-github-com-agrozyme-json-schema-to-mongoose-git-3c257605
31 verbose stack Cloning into bare repository '/home/ronaldo/.npm/_git-remotes/git-https-github-com-agrozyme-json-schema-to-mongoose-git-3c257605'...
31 verbose stack remote: Invalid username or password.
31 verbose stack fatal: Authentication failed for 'https://github.com/agrozyme/json-schema-to-mongoose.git/'
31 verbose stack
31 verbose stack     at ChildProcess.exithandler (child_process.js:275:12)
31 verbose stack     at emitTwo (events.js:126:13)
31 verbose stack     at ChildProcess.emit (events.js:214:7)
31 verbose stack     at maybeClose (internal/child_process.js:925:16)
31 verbose stack     at Process.ChildProcess._handle.onexit (internal/child_process.js:209:5)
32 verbose cwd /home/ronaldo/Downloads/supply_test/sawtooth-supply-chain/fish_client
33 error Linux 5.4.0-48-generic
34 error argv "/usr/bin/node" "/usr/bin/npm" "install" "https://github.com/agrozyme/json-schema-to-mongoose.git"
35 error node v8.10.0
36 error npm  v3.5.2
37 error code 128
38 error Command failed: git clone --template=/home/ronaldo/.npm/_git-remotes/_templates --mirror https://github.com/agrozyme/json-schema-to-mongoose.git /home/ronaldo/.npm/_git-remotes/git-https-github-com-agrozyme-json-schema-to-mongoose-git-3c257605
38 error Cloning into bare repository '/home/ronaldo/.npm/_git-remotes/git-https-github-com-agrozyme-json-schema-to-mongoose-git-3c257605'...
38 error remote: Invalid username or password.
38 error fatal: Authentication failed for 'https://github.com/agrozyme/json-schema-to-mongoose.git/'
39 error If you need help, you may report this error at:
39 error     <https://github.com/npm/npm/issues>
40 verbose exit [ 1, true ]
